F:\GLESTSVN\SOURCE\GLESTSOLUTION\DEBUG\LIBGLEST.LIB
F:\GLESTSVN\SOURCE\GLESTSOLUTION\LIBGLEST\DEBUG\BUFFER.OBJ
F:\GLESTSVN\SOURCE\GLESTSOLUTION\LIBGLEST\DEBUG\CAMERA.OBJ
F:\GLESTSVN\SOURCE\GLESTSOLUTION\LIBGLEST\DEBUG\CHECKSUM.OBJ
F:\glestSVN\source\glestSolution\libglest\Debug\cl.command.1.tlog
F:\glestSVN\source\glestSolution\libglest\Debug\CL.read.1.tlog
F:\glestSVN\source\glestSolution\libglest\Debug\CL.write.1.tlog
F:\GLESTSVN\SOURCE\GLESTSOLUTION\LIBGLEST\DEBUG\CONTEXT.OBJ
F:\GLESTSVN\SOURCE\GLESTSOLUTION\LIBGLEST\DEBUG\CONTEXT_GL.OBJ
F:\GLESTSVN\SOURCE\GLESTSOLUTION\LIBGLEST\DEBUG\CONVERSION.OBJ
F:\GLESTSVN\SOURCE\GLESTSOLUTION\LIBGLEST\DEBUG\FACTORY_REPOSITORY.OBJ
F:\GLESTSVN\SOURCE\GLESTSOLUTION\LIBGLEST\DEBUG\FONT.OBJ
F:\GLESTSVN\SOURCE\GLESTSOLUTION\LIBGLEST\DEBUG\FONT_GL.OBJ
F:\GLESTSVN\SOURCE\GLESTSOLUTION\LIBGLEST\DEBUG\FONT_MANAGER.OBJ
F:\GLESTSVN\SOURCE\GLESTSOLUTION\LIBGLEST\DEBUG\GL_WRAP.OBJ
F:\GLESTSVN\SOURCE\GLESTSOLUTION\LIBGLEST\DEBUG\GRAPHICS_INTERFACE.OBJ
F:\GLESTSVN\SOURCE\GLESTSOLUTION\LIBGLEST\DEBUG\INTERPOLATION.OBJ
F:\GLESTSVN\SOURCE\GLESTSOLUTION\LIBGLEST\DEBUG\LEAK_DUMPER.OBJ
F:\glestSVN\source\glestSolution\libglest\Debug\lib.command.1.tlog
F:\glestSVN\source\glestSolution\libglest\Debug\libglest.write.1.tlog
F:\glestSVN\source\glestSolution\libglest\Debug\Lib-link.read.1.tlog
F:\glestSVN\source\glestSolution\libglest\Debug\Lib-link.write.1.tlog
F:\GLESTSVN\SOURCE\GLESTSOLUTION\LIBGLEST\DEBUG\LUA_SCRIPT.OBJ
F:\GLESTSVN\SOURCE\GLESTSOLUTION\LIBGLEST\DEBUG\MODEL.OBJ
F:\GLESTSVN\SOURCE\GLESTSOLUTION\LIBGLEST\DEBUG\MODEL_MANAGER.OBJ
F:\GLESTSVN\SOURCE\GLESTSOLUTION\LIBGLEST\DEBUG\MODEL_RENDERER_GL.OBJ
F:\GLESTSVN\SOURCE\GLESTSOLUTION\LIBGLEST\DEBUG\OPENGL.OBJ
F:\GLESTSVN\SOURCE\GLESTSOLUTION\LIBGLEST\DEBUG\PARTICLE.OBJ
F:\GLESTSVN\SOURCE\GLESTSOLUTION\LIBGLEST\DEBUG\PARTICLE_RENDERER_GL.OBJ
F:\GLESTSVN\SOURCE\GLESTSOLUTION\LIBGLEST\DEBUG\PIXMAP.OBJ
F:\GLESTSVN\SOURCE\GLESTSOLUTION\LIBGLEST\DEBUG\PLATFORM_MENU.OBJ
F:\GLESTSVN\SOURCE\GLESTSOLUTION\LIBGLEST\DEBUG\PLATFORM_UTIL.OBJ
F:\GLESTSVN\SOURCE\GLESTSOLUTION\LIBGLEST\DEBUG\PROFILER.OBJ
F:\GLESTSVN\SOURCE\GLESTSOLUTION\LIBGLEST\DEBUG\PROPERTIES.OBJ
F:\GLESTSVN\SOURCE\GLESTSOLUTION\LIBGLEST\DEBUG\QUATERNION.OBJ
F:\GLESTSVN\SOURCE\GLESTSOLUTION\LIBGLEST\DEBUG\RANDOM.OBJ
F:\GLESTSVN\SOURCE\GLESTSOLUTION\LIBGLEST\DEBUG\SHADER.OBJ
F:\GLESTSVN\SOURCE\GLESTSOLUTION\LIBGLEST\DEBUG\SHADER_GL.OBJ
F:\GLESTSVN\SOURCE\GLESTSOLUTION\LIBGLEST\DEBUG\SHADER_MANAGER.OBJ
F:\GLESTSVN\SOURCE\GLESTSOLUTION\LIBGLEST\DEBUG\SOCKET.OBJ
F:\GLESTSVN\SOURCE\GLESTSOLUTION\LIBGLEST\DEBUG\SOUND.OBJ
F:\GLESTSVN\SOURCE\GLESTSOLUTION\LIBGLEST\DEBUG\SOUND_FILE_LOADER.OBJ
F:\GLESTSVN\SOURCE\GLESTSOLUTION\LIBGLEST\DEBUG\SOUND_INTERFACE.OBJ
F:\GLESTSVN\SOURCE\GLESTSOLUTION\LIBGLEST\DEBUG\SOUND_PLAYER.OBJ
F:\GLESTSVN\SOURCE\GLESTSOLUTION\LIBGLEST\DEBUG\SOUND_PLAYER_DS8.OBJ
F:\GLESTSVN\SOURCE\GLESTSOLUTION\LIBGLEST\DEBUG\TEXT_RENDERER_GL.OBJ
F:\GLESTSVN\SOURCE\GLESTSOLUTION\LIBGLEST\DEBUG\TEXTURE.OBJ
F:\GLESTSVN\SOURCE\GLESTSOLUTION\LIBGLEST\DEBUG\TEXTURE_GL.OBJ
F:\GLESTSVN\SOURCE\GLESTSOLUTION\LIBGLEST\DEBUG\TEXTURE_MANAGER.OBJ
F:\GLESTSVN\SOURCE\GLESTSOLUTION\LIBGLEST\DEBUG\THREAD.OBJ
F:\GLESTSVN\SOURCE\GLESTSOLUTION\LIBGLEST\DEBUG\UTIL.OBJ
F:\glestSVN\source\glestSolution\libglest\Debug\vc100.idb
F:\GLESTSVN\SOURCE\GLESTSOLUTION\LIBGLEST\DEBUG\VC100.PDB
F:\GLESTSVN\SOURCE\GLESTSOLUTION\LIBGLEST\DEBUG\WINDOW.OBJ
F:\GLESTSVN\SOURCE\GLESTSOLUTION\LIBGLEST\DEBUG\WINDOW_GL.OBJ
F:\GLESTSVN\SOURCE\GLESTSOLUTION\LIBGLEST\DEBUG\XML_PARSER.OBJ
