F:\GLESTSVN\SOURCE\GLESTSOLUTION\DEBUG\LUA.LIB
F:\glestSVN\source\glestSolution\lua\Debug\cl.command.1.tlog
F:\glestSVN\source\glestSolution\lua\Debug\CL.read.1.tlog
F:\glestSVN\source\glestSolution\lua\Debug\CL.write.1.tlog
F:\GLESTSVN\SOURCE\GLESTSOLUTION\LUA\DEBUG\LAPI.OBJ
F:\GLESTSVN\SOURCE\GLESTSOLUTION\LUA\DEBUG\LAUXLIB.OBJ
F:\GLESTSVN\SOURCE\GLESTSOLUTION\LUA\DEBUG\LBASELIB.OBJ
F:\GLESTSVN\SOURCE\GLESTSOLUTION\LUA\DEBUG\LBITLIB.OBJ
F:\GLESTSVN\SOURCE\GLESTSOLUTION\LUA\DEBUG\LCODE.OBJ
F:\GLESTSVN\SOURCE\GLESTSOLUTION\LUA\DEBUG\LCOROLIB.OBJ
F:\GLESTSVN\SOURCE\GLESTSOLUTION\LUA\DEBUG\LCTYPE.OBJ
F:\GLESTSVN\SOURCE\GLESTSOLUTION\LUA\DEBUG\LDBLIB.OBJ
F:\GLESTSVN\SOURCE\GLESTSOLUTION\LUA\DEBUG\LDEBUG.OBJ
F:\GLESTSVN\SOURCE\GLESTSOLUTION\LUA\DEBUG\LDO.OBJ
F:\GLESTSVN\SOURCE\GLESTSOLUTION\LUA\DEBUG\LDUMP.OBJ
F:\GLESTSVN\SOURCE\GLESTSOLUTION\LUA\DEBUG\LFUNC.OBJ
F:\GLESTSVN\SOURCE\GLESTSOLUTION\LUA\DEBUG\LGC.OBJ
F:\glestSVN\source\glestSolution\lua\Debug\lib.command.1.tlog
F:\glestSVN\source\glestSolution\lua\Debug\Lib-link.read.1.tlog
F:\glestSVN\source\glestSolution\lua\Debug\Lib-link.write.1.tlog
F:\GLESTSVN\SOURCE\GLESTSOLUTION\LUA\DEBUG\LINIT.OBJ
F:\GLESTSVN\SOURCE\GLESTSOLUTION\LUA\DEBUG\LIOLIB.OBJ
F:\GLESTSVN\SOURCE\GLESTSOLUTION\LUA\DEBUG\LLEX.OBJ
F:\GLESTSVN\SOURCE\GLESTSOLUTION\LUA\DEBUG\LMATHLIB.OBJ
F:\GLESTSVN\SOURCE\GLESTSOLUTION\LUA\DEBUG\LMEM.OBJ
F:\GLESTSVN\SOURCE\GLESTSOLUTION\LUA\DEBUG\LOADLIB.OBJ
F:\GLESTSVN\SOURCE\GLESTSOLUTION\LUA\DEBUG\LOBJECT.OBJ
F:\GLESTSVN\SOURCE\GLESTSOLUTION\LUA\DEBUG\LOPCODES.OBJ
F:\GLESTSVN\SOURCE\GLESTSOLUTION\LUA\DEBUG\LOSLIB.OBJ
F:\GLESTSVN\SOURCE\GLESTSOLUTION\LUA\DEBUG\LPARSER.OBJ
F:\GLESTSVN\SOURCE\GLESTSOLUTION\LUA\DEBUG\LSTATE.OBJ
F:\GLESTSVN\SOURCE\GLESTSOLUTION\LUA\DEBUG\LSTRING.OBJ
F:\GLESTSVN\SOURCE\GLESTSOLUTION\LUA\DEBUG\LSTRLIB.OBJ
F:\GLESTSVN\SOURCE\GLESTSOLUTION\LUA\DEBUG\LTABLE.OBJ
F:\GLESTSVN\SOURCE\GLESTSOLUTION\LUA\DEBUG\LTABLIB.OBJ
F:\GLESTSVN\SOURCE\GLESTSOLUTION\LUA\DEBUG\LTM.OBJ
F:\GLESTSVN\SOURCE\GLESTSOLUTION\LUA\DEBUG\LUA.OBJ
F:\glestSVN\source\glestSolution\lua\Debug\lua.vcxprojResolveAssemblyReference.cache
F:\glestSVN\source\glestSolution\lua\Debug\lua.write.1.tlog
F:\GLESTSVN\SOURCE\GLESTSOLUTION\LUA\DEBUG\LUAC.OBJ
F:\GLESTSVN\SOURCE\GLESTSOLUTION\LUA\DEBUG\LUNDUMP.OBJ
F:\GLESTSVN\SOURCE\GLESTSOLUTION\LUA\DEBUG\LVM.OBJ
F:\GLESTSVN\SOURCE\GLESTSOLUTION\LUA\DEBUG\LZIO.OBJ
F:\glestSVN\source\glestSolution\lua\Debug\vc100.idb
F:\GLESTSVN\SOURCE\GLESTSOLUTION\LUA\DEBUG\VC100.PDB
